C51 COMPILER V9.60.0.0   IIC                                                               06/25/2025 11:40:13 PAGE 1   


C51 COMPILER V9.60.0.0, COMPILATION OF MODULE IIC
OBJECT MODULE PLACED IN .\Objects\iic.obj
COMPILER INVOKED BY: D:\UV4\C51\BIN\C51.EXE iic.c OPTIMIZE(8,SPEED) BROWSE DEBUG OBJECTEXTEND PRINT(.\Listings\iic.lst) 
                    -TABS(2) OBJECT(.\Objects\iic.obj)

line level    source

   1          /*  #   I2C代码片段说明
   2            1.  本文件夹中提供的驱动代码供参赛选手完成程序设计参考。
   3            2.  参赛选手可以自行编写相关代码或以该代码为基础，根据所选单片机类型、
             -行速度和试题
   4              中对单片机时钟频率的要求，进行代码调试和修改。
   5          */
   6          #include "iic.h"
   7          #define DELAY_TIME  5
   8          
   9          //
  10          static void I2C_Delay(unsigned char n)
  11          {
  12   1          do{_nop_();}
  13   1          while(n--);       
  14   1      }
  15          
  16          //
  17          void I2CStart(void)
  18          {
  19   1          sda = 1;
  20   1          scl = 1;
  21   1        I2C_Delay(DELAY_TIME);
  22   1          sda = 0;
  23   1        I2C_Delay(DELAY_TIME);
  24   1          scl = 0;    
  25   1      }
  26          
  27          //
  28          void I2CStop(void)
  29          {
  30   1          sda = 0;
  31   1          scl = 1;
  32   1        I2C_Delay(DELAY_TIME);
  33   1          sda = 1;
  34   1        I2C_Delay(DELAY_TIME);
  35   1      }
  36          
  37          //
  38          void I2CSendByte(unsigned char byt)
  39          {
  40   1          unsigned char i;
  41   1        
  42   1          for(i=0; i<8; i++){
  43   2              scl = 0;
  44   2          I2C_Delay(DELAY_TIME);
  45   2              if(byt & 0x80){
  46   3                  sda = 1;
  47   3              }
  48   2              else{
  49   3                  sda = 0;
  50   3              }
  51   2          I2C_Delay(DELAY_TIME);
  52   2              scl = 1;
  53   2              byt <<= 1;
C51 COMPILER V9.60.0.0   IIC                                                               06/25/2025 11:40:13 PAGE 2   

  54   2          I2C_Delay(DELAY_TIME);
  55   2          }
  56   1        
  57   1          scl = 0;  
  58   1      }
  59          
  60          //
  61          unsigned char I2CReceiveByte(void)
  62          {
  63   1        unsigned char da;
  64   1        unsigned char i;
  65   1        for(i=0;i<8;i++){   
  66   2          scl = 1;
  67   2          I2C_Delay(DELAY_TIME);
  68   2          da <<= 1;
  69   2          if(sda) 
  70   2            da |= 0x01;
  71   2          scl = 0;
  72   2          I2C_Delay(DELAY_TIME);
  73   2        }
  74   1        return da;    
  75   1      }
  76          
  77          //
  78          unsigned char I2CWaitAck(void)
  79          {
  80   1        unsigned char ackbit;
  81   1        
  82   1          scl = 1;
  83   1        I2C_Delay(DELAY_TIME);
  84   1          ackbit = sda; 
  85   1          scl = 0;
  86   1        I2C_Delay(DELAY_TIME);
  87   1        
  88   1        return ackbit;
  89   1      }
  90          
  91          //
  92          void I2CSendAck(bit ackbit)
  93          {
  94   1          scl = 0;
  95   1          sda = ackbit; 
  96   1        I2C_Delay(DELAY_TIME);
  97   1          scl = 1;
  98   1        I2C_Delay(DELAY_TIME);
  99   1          scl = 0; 
 100   1        sda = 1;
 101   1        I2C_Delay(DELAY_TIME);
 102   1      }
 103          


MODULE INFORMATION:   STATIC OVERLAYABLE
   CODE SIZE        =    171    ----
   CONSTANT SIZE    =   ----    ----
   XDATA SIZE       =   ----    ----
   PDATA SIZE       =   ----    ----
   DATA SIZE        =   ----    ----
   IDATA SIZE       =   ----    ----
   BIT SIZE         =   ----       1
END OF MODULE INFORMATION.


C51 COMPILATION COMPLETE.  0 WARNING(S),  0 ERROR(S)
