C51 COMPILER V9.60.0.0   KBD                                                               06/25/2025 11:40:13 PAGE 1   


C51 COMPILER V9.60.0.0, COMPILATION OF MODULE KBD
OBJECT MODULE PLACED IN .\Objects\KBD.obj
COMPILER INVOKED BY: D:\UV4\C51\BIN\C51.EXE KBD.c OPTIMIZE(8,SPEED) BROWSE DEBUG OBJECTEXTEND PRINT(.\Listings\KBD.lst) 
                    -TABS(2) OBJECT(.\Objects\KBD.obj)

line level    source

   1          #include "KBD.h"
   2          
   3          /*
   4            键值如下(0x)
   5            88  84  82  81
   6            48  44  42  41
   7            28  24  22  21
   8            18  14  12  11
   9          */
  10          u8 KBD_IO(void)
  11          {
  12   1        u8 io = 0xff;
  13   1        
  14   1        //列扫描
  15   1        P14 = 1; P15 = 1; P16 = 1; P17 = 1;
  16   1          P10 = 0; P11 = 0; P12 = 0; P13 = 0;
  17   1          if(P17 == 0) io = 0x70;
  18   1          if(P16 == 0) io = 0xb0;
  19   1          if(P15 == 0) io = 0xd0;
  20   1          if(P14 == 0) io = 0xe0;
  21   1          
  22   1        //行扫描
  23   1          P10 = 1; P11 = 1; P12 = 1; P13 = 1;
  24   1          P14 = 0; P15 = 0; P16 = 0; P17 = 0;
  25   1          if(P13 == 0) io |= 0x07;
  26   1          if(P12 == 0) io |= 0x0b;
  27   1          if(P11 == 0) io |= 0x0d;
  28   1          if(P10 == 0) io |= 0x0e;
  29   1        
  30   1        return io;
  31   1      }
  32          
  33          //触发（按下）和长按
  34          u8 pres = 0,cont = 0;
  35          void KBD_Read(void)
  36          {
  37   1        u8 state = KBD_IO() ^ 0xff;
  38   1        pres = state & (state ^ cont);
  39   1        cont = state;
  40   1      }


MODULE INFORMATION:   STATIC OVERLAYABLE
   CODE SIZE        =     93    ----
   CONSTANT SIZE    =   ----    ----
   XDATA SIZE       =   ----    ----
   PDATA SIZE       =   ----    ----
   DATA SIZE        =      2    ----
   IDATA SIZE       =   ----    ----
   BIT SIZE         =   ----    ----
END OF MODULE INFORMATION.


C51 COMPILATION COMPLETE.  0 WARNING(S),  0 ERROR(S)
