C51 COMPILER V9.60.0.0   SEG                                                               06/25/2025 11:40:13 PAGE 1   


C51 COMPILER V9.60.0.0, COMPILATION OF MODULE SEG
OBJECT MODULE PLACED IN .\Objects\SEG.obj
COMPILER INVOKED BY: D:\UV4\C51\BIN\C51.EXE SEG.c OPTIMIZE(8,SPEED) BROWSE DEBUG OBJECTEXTEND PRINT(.\Listings\SEG.lst) 
                    -TABS(2) OBJECT(.\Objects\SEG.obj)

line level    source

   1          #include "SEG.h"
   2          
   3          u8 seg_buf[8];//数码管缓存
   4          code unsigned char tab[] =
   5          {
   6          0x3f, //0
   7          0x06, //1
   8          0x5b, //2
   9          0x4f, //3
  10          0x66, //4
  11          0x6d, //5
  12          0x7d, //6
  13          0x07, //7
  14          0x7f, //8
  15          0x6f, //9
  16          0x77, //A
  17          0x7c, //b
  18          0x39, //C
  19          0x5e, //d
  20          0x79, //E
  21          0x71  //F
  22          };
  23          
  24          void SEG_Display()//数码管刷新函数
  25          {
  26   1        static u8 i = 7;
  27   1        
  28   1        P0 = 0X00;//消隐
  29   1        P2 = (P2 & 0xe3) | ((7-i) << 2);//位选
  30   1        P0 = seg_buf[i];//段选
  31   1        i = (i - 1) & 7;
  32   1      }
  33          
  34          void SEG_Clear(void){//数码管清屏
  35   1        u8 i;
  36   1        for(i = 0;i < 8;i++){
  37   2          seg_buf[i] = 0x00;
  38   2        }
  39   1      }


MODULE INFORMATION:   STATIC OVERLAYABLE
   CODE SIZE        =     58    ----
   CONSTANT SIZE    =     16    ----
   XDATA SIZE       =   ----    ----
   PDATA SIZE       =   ----    ----
   DATA SIZE        =      9    ----
   IDATA SIZE       =   ----    ----
   BIT SIZE         =   ----    ----
END OF MODULE INFORMATION.


C51 COMPILATION COMPLETE.  0 WARNING(S),  0 ERROR(S)
