C51 COMPILER V9.60.0.0   TIMER                                                             06/25/2025 11:40:13 PAGE 1   


C51 COMPILER V9.60.0.0, COMPILATION OF MODULE TIMER
OBJECT MODULE PLACED IN .\Objects\Timer.obj
COMPILER INVOKED BY: D:\UV4\C51\BIN\C51.EXE Timer.c OPTIMIZE(8,SPEED) BROWSE DEBUG OBJECTEXTEND PRINT(.\Listings\Timer.l
                    -st) TABS(2) OBJECT(.\Objects\Timer.obj)

line level    source

   1          #include "Timer.h"
   2          
   3          void Timer0_Init(void)    //1毫秒@12.000MHz
   4          {
   5   1        // AUXR &= 0x7F;      //定时器时钟12T模式
   6   1        TMOD &= 0xF0;     //设置定时器模式
   7   1        TL0 = 0xC0;       //设置定时初始值
   8   1        TH0 = 0xE0;       //设置定时初始值
   9   1        TF0 = 0;        //清除TF0标志
  10   1        TR0 = 1;        //定时器0开始计时
  11   1      
  12   1        ET0 = 1;
  13   1        EA = 1;//开总中断
  14   1      }
  15          
  16          void Timer0_Reload(void)  //定时器0重装载函数
  17          {
  18   1        TL0 = 0xC0;       //设置定时初始值
  19   1        TH0 = 0xE0;       //设置定时初始值
  20   1      }
  21          
  22          


MODULE INFORMATION:   STATIC OVERLAYABLE
   CODE SIZE        =     25    ----
   CONSTANT SIZE    =   ----    ----
   XDATA SIZE       =   ----    ----
   PDATA SIZE       =   ----    ----
   DATA SIZE        =   ----    ----
   IDATA SIZE       =   ----    ----
   BIT SIZE         =   ----    ----
END OF MODULE INFORMATION.


C51 COMPILATION COMPLETE.  0 WARNING(S),  0 ERROR(S)
