C51 COMPILER V9.60.0.0   UART                                                              06/25/2025 11:40:13 PAGE 1   


C51 COMPILER V9.60.0.0, COMPILATION OF MODULE UART
OBJECT MODULE PLACED IN .\Objects\Uart.obj
COMPILER INVOKED BY: D:\UV4\C51\BIN\C51.EXE Uart.c OPTIMIZE(8,SPEED) BROWSE DEBUG OBJECTEXTEND PRINT(.\Listings\Uart.lst
                    -) TABS(2) OBJECT(.\Objects\Uart.obj)

line level    source

   1          #include "Uart.h"
   2          
   3          void UartInit(void)   //9600bps@11.0592MHz
   4          {
   5   1        PCON &= 0x7F;   //波特率不倍速
   6   1        SCON = 0x50;    //8位数据,可变波特率
   7   1        TMOD &= 0x0F;   //清除定时器1模式位
   8   1        TMOD |= 0x20;   //设定定时器1为8位自动重装方式
   9   1        TL1 = 0xFD;   //设定定时初值
  10   1        TH1 = 0xFD;   //设定定时器重装值
  11   1        ET1 = 0;    //禁止定时器1中断
  12   1        TR1 = 1;    //打开定时器1
  13   1        EA = 1;
  14   1        ES = 1;
  15   1      }
  16          
  17          // void SendByte(u8 dat)//串口送出一字节数据
  18          // {
  19          //  SBUF = dat;
  20          //  while(TI == 0);
  21          //  TI = 0;
  22          // }
  23          
  24          // void Uart_Send(u8* dat)//串口送出字符串
  25          // {
  26          //  while(*dat != '\0'){
  27          //    SendByte(*dat++);
  28          //  }
  29          // }


MODULE INFORMATION:   STATIC OVERLAYABLE
   CODE SIZE        =     27    ----
   CONSTANT SIZE    =   ----    ----
   XDATA SIZE       =   ----    ----
   PDATA SIZE       =   ----    ----
   DATA SIZE        =   ----    ----
   IDATA SIZE       =   ----    ----
   BIT SIZE         =   ----    ----
END OF MODULE INFORMATION.


C51 COMPILATION COMPLETE.  0 WARNING(S),  0 ERROR(S)
